2025-06-25 11:40:52,885 - INFO - NEW RUN
2025-06-25 11:40:55,303 - INFO - START: locate_pack
2025-06-25 11:40:57,365 - DEBUG - 
================================================== Battery pack state ==================================================
model: Square
pos: (691, 374)
size: (401, 401)
pose: [        inf         inf         inf           0           0           0]
cover_on: True

2025-06-25 11:40:57,367 - INFO - pack located
2025-06-25 11:40:57,379 - INFO - END: locate_pack
2025-06-25 11:41:14,642 - INFO - START: locate_pack
2025-06-25 11:41:15,702 - DEBUG - 
================================================== Battery pack state ==================================================
model: Square
pos: (691, 374)
size: (401, 401)
pose: [        inf         inf         inf           0           0           0]
cover_on: True

2025-06-25 11:41:15,703 - INFO - pack located
2025-06-25 11:41:15,708 - INFO - END: locate_pack
